<?xml version="1.0" encoding="UTF-8"?>
<testng-results ignored="0" total="1" passed="1" failed="0" skipped="0">
  <reporter-output>
  </reporter-output>
  <suite started-at="2020-10-20T15:40:05 IST" name="Default suite" finished-at="2020-10-20T15:40:07 IST" duration-ms="2238">
    <groups>
    </groups>
    <test started-at="2020-10-20T15:40:05 IST" name="Default test" finished-at="2020-10-20T15:40:07 IST" duration-ms="2238">
      <class name="com.atmecs.hibernate_demo.crud_op.DisplayRecord">
        <test-method signature="displayRecord()[pri:0, instance:com.atmecs.hibernate_demo.crud_op.DisplayRecord@358ee631]" started-at="2020-10-20T15:40:05 IST" name="displayRecord" finished-at="2020-10-20T15:40:07 IST" duration-ms="2203" status="PASS">
          <reporter-output>
          </reporter-output>
        </test-method> <!-- displayRecord -->
      </class> <!-- com.atmecs.hibernate_demo.crud_op.DisplayRecord -->
    </test> <!-- Default test -->
  </suite> <!-- Default suite -->
</testng-results>
