<?xml version="1.0" encoding="UTF-8"?>
<testng-results ignored="0" total="1" passed="1" failed="0" skipped="0">
  <reporter-output>
  </reporter-output>
  <suite started-at="2020-10-22T13:49:29 IST" name="Default suite" finished-at="2020-10-22T13:50:49 IST" duration-ms="79704">
    <groups>
    </groups>
    <test started-at="2020-10-22T13:49:29 IST" name="Default test" finished-at="2020-10-22T13:50:49 IST" duration-ms="79704">
      <class name="com.atmecs.hibernate_db_demo.test.EmployeeDetails">
        <test-method signature="employee_details()[pri:0, instance:com.atmecs.hibernate_db_demo.test.EmployeeDetails@6b26e945]" started-at="2020-10-22T13:49:29 IST" name="employee_details" finished-at="2020-10-22T13:50:49 IST" duration-ms="79672" status="PASS">
          <reporter-output>
          </reporter-output>
        </test-method> <!-- employee_details -->
      </class> <!-- com.atmecs.hibernate_db_demo.test.EmployeeDetails -->
    </test> <!-- Default test -->
  </suite> <!-- Default suite -->
</testng-results>
